__________________________________________________
12/6/2024, 11:40:08 AM
Creating Checkpointer Table 
__________________________________________________
12/6/2024, 11:40:08 AM
Checkpointer Table Successfully Created 
__________________________________________________
12/6/2024, 11:40:08 AM
Creating RecordTracker Table 
__________________________________________________
12/6/2024, 11:40:08 AM
Started Batching! 
__________________________________________________
12/6/2024, 11:40:08 AM
Data loaded 
__________________________________________________
12/6/2024, 11:40:08 AM
Records [ { email: 'cornerstone@diagnal.com' } ]
__________________________________________________
12/6/2024, 11:40:08 AM
Batched Array [ [ { email: 'cornerstone@diagnal.com' } ] ]
__________________________________________________
12/6/2024, 11:40:08 AM
Running Batch Execution 
__________________________________________________
12/6/2024, 11:40:08 AM
Batches Identified [ 'batch_0.csv' ]
__________________________________________________
12/6/2024, 11:40:08 AM
Starting Record Processor 
__________________________________________________
12/6/2024, 11:40:08 AM
Current Batch Status - batch_0.csv Unprocessed
__________________________________________________
12/6/2024, 11:40:08 AM
Data loaded 
__________________________________________________
12/6/2024, 11:40:08 AM
Inside Processor { email: 'cornerstone@diagnal.com' }
__________________________________________________
12/6/2024, 11:40:08 AM
Record Id { recordId: 'cornerstone@diagnal.com' }
__________________________________________________
12/6/2024, 11:40:08 AM
Inside doCognitoSignup {
  userData: {
    email: 'cornerstone@diagnal.com',
    password: 'Password@1',
    phoneNumber: '+4400000000'
  }
}
__________________________________________________
12/6/2024, 11:40:08 AM
SignUpCommand {
  att: [
    { Name: 'email', Value: 'cornerstone@diagnal.com' },
    { Name: 'phone_number', Value: '+4400000000' },
    { Name: 'email_verified', Value: 'true' },
    { Name: 'custom:isPasswordSet', Value: 'true' }
  ]
}
__________________________________________________
12/6/2024, 11:40:10 AM
SignUp Successfully Complete 
__________________________________________________
12/6/2024, 11:40:10 AM
Set Password Successfully Complete 
__________________________________________________
12/6/2024, 11:40:10 AM
Confirm User Successfully Complete 
__________________________________________________
12/6/2024, 11:40:11 AM
Create Marketing User Params {
  email: 'cornerstone@diagnal.com',
  name: 'cornerstone@diagnal.com',
  marketingAttributes: { countryCode: 'MY', isRegistered: true },
  userId: '32006c28-b464-5a57-b085-473fede7cc07',
  isPromotionsEnabled: false
}
__________________________________________________
12/6/2024, 11:40:13 AM
Marketing Api Response {
  statusCode: 200,
  headers: {
    'Access-Control-Allow-Origin': '*',
    'Access-Control-Allow-Credentials': true,
    'Cache-Control': 'no-store'
  },
  body: '{"status":"Success","data":{"marketingId":"f7ca6c01-aa09-418d-a187-0e932f373666"}}'
}
__________________________________________________
12/6/2024, 11:40:13 AM
Marketing User Created Successfully f7ca6c01-aa09-418d-a187-0e932f373666
__________________________________________________
12/6/2024, 11:40:18 AM
Recommendation Engine User 22665685-4800-47b6-9812-97c1a586aec8
__________________________________________________
12/6/2024, 11:40:18 AM
Profile to be saved {
  id: '83ebb9d0-c676-4c59-8bd3-3a23ae862f3b',
  createdAt: 1733465418,
  isDefaultProfile: true,
  profileName: 'Demo Account Profile',
  userId: '32006c28-b464-5a57-b085-473fede7cc07',
  profileImage: 'https://dd5cnndofvsd.cloudfront.net/images/profiles/cinema-clipboard.png',
  maxRestrictions: 'M18',
  preferences: { language: 'en-US' },
  active: true,
  hasOptedForPin: false,
  recommendationUserId: '22665685-4800-47b6-9812-97c1a586aec8'
}
__________________________________________________
12/6/2024, 11:40:19 AM
Profile Creation Successful 
